<?xml version="1.0" encoding="UTF-8"?>
<testng-results ignored="0" total="2" passed="2" failed="0" skipped="0">
  <reporter-output>
  </reporter-output>
  <suite started-at="2023-12-08T14:26:58 EST" name="regression" finished-at="2023-12-08T14:27:28 EST" duration-ms="30595">
    <groups>
      <group name="regression">
        <method signature="TestMethod.Test1()[pri:0, instance:QA_Selenium.Batch8_TestNG.TestMethod@3c73951]" name="Test1" class="QA_Selenium.Batch8_TestNG.TestMethod"/>
        <method signature="TestMethod.Test2()[pri:0, instance:QA_Selenium.Batch8_TestNG.TestMethod@3c73951]" name="Test2" class="QA_Selenium.Batch8_TestNG.TestMethod"/>
      </group> <!-- regression -->
    </groups>
    <test started-at="2023-12-08T14:26:58 EST" name="fbhome_restart browser" finished-at="2023-12-08T14:27:28 EST" duration-ms="30595">
      <class name="QA_Selenium.Batch8_TestNG.TestMethod">
        <test-method is-config="true" signature="beforeMethod(java.lang.String)[pri:0, instance:QA_Selenium.Batch8_TestNG.TestMethod@3c73951]" started-at="2023-12-08T14:26:58 EST" name="beforeMethod" finished-at="2023-12-08T14:27:03 EST" duration-ms="5362" status="PASS">
          <params>
            <param index="0">
              <value>
                <![CDATA[edge]]>
              </value>
            </param>
          </params>
          <reporter-output>
          </reporter-output>
        </test-method> <!-- beforeMethod -->
        <test-method signature="Test1()[pri:0, instance:QA_Selenium.Batch8_TestNG.TestMethod@3c73951]" started-at="2023-12-08T14:27:03 EST" name="Test1" finished-at="2023-12-08T14:27:10 EST" duration-ms="6453" status="PASS">
          <reporter-output>
          </reporter-output>
        </test-method> <!-- Test1 -->
        <test-method is-config="true" signature="afterMethod()[pri:0, instance:QA_Selenium.Batch8_TestNG.TestMethod@3c73951]" started-at="2023-12-08T14:27:10 EST" name="afterMethod" finished-at="2023-12-08T14:27:13 EST" duration-ms="3173" status="PASS">
          <reporter-output>
          </reporter-output>
        </test-method> <!-- afterMethod -->
        <test-method is-config="true" signature="beforeMethod(java.lang.String)[pri:0, instance:QA_Selenium.Batch8_TestNG.TestMethod@3c73951]" started-at="2023-12-08T14:27:13 EST" name="beforeMethod" finished-at="2023-12-08T14:27:19 EST" duration-ms="5985" status="PASS">
          <params>
            <param index="0">
              <value>
                <![CDATA[edge]]>
              </value>
            </param>
          </params>
          <reporter-output>
          </reporter-output>
        </test-method> <!-- beforeMethod -->
        <test-method signature="Test2()[pri:0, instance:QA_Selenium.Batch8_TestNG.TestMethod@3c73951]" started-at="2023-12-08T14:27:19 EST" name="Test2" finished-at="2023-12-08T14:27:25 EST" duration-ms="6426" status="PASS">
          <reporter-output>
          </reporter-output>
        </test-method> <!-- Test2 -->
        <test-method is-config="true" signature="afterMethod()[pri:0, instance:QA_Selenium.Batch8_TestNG.TestMethod@3c73951]" started-at="2023-12-08T14:27:25 EST" name="afterMethod" finished-at="2023-12-08T14:27:28 EST" duration-ms="3165" status="PASS">
          <reporter-output>
          </reporter-output>
        </test-method> <!-- afterMethod -->
      </class> <!-- QA_Selenium.Batch8_TestNG.TestMethod -->
    </test> <!-- fbhome_restart browser -->
  </suite> <!-- regression -->
</testng-results>
